<?xml version="1.0" encoding="UTF-8"?>
<!-- Generated by org.testng.reporters.JUnitReportReporter -->
<testsuite hostname="DESKTOP-O21QIAA" failures="0" tests="1" name="testPackage.TATA_1mg_Test" time="26.389" errors="0" timestamp="2023-10-04T05:13:12 IST" skipped="0">
  <testcase classname="testPackage.TATA_1mg_Test" name="myntra" time="26.389">
    <system-out>
      <![CDATA[TATA 1mg Open
TATA 1mg Page is Open]]>
    </system-out>
  </testcase> <!-- myntra -->
  <system-out>
    <![CDATA[openBrowser
URL & Login
flipkart
logout
closeBrowser
openBrowser
URL & Login
logout
URL & Login
Amazon
logout
closeBrowser
openBrowser
URL & Login
TATA 1mg Open
TATA 1mg Page is Open
logout
closeBrowser
openBrowser
URL & Login
Myntra
logout
closeBrowser
openBrowser
URL & Login
Nykaa
logout
closeBrowser
openBrowser
URL & Login
TATA Bigbasket
logout
closeBrowser]]>
  </system-out>
</testsuite> <!-- testPackage.TATA_1mg_Test -->
