<?xml version="1.0" encoding="UTF-8"?>
<!-- Generated by org.testng.reporters.JUnitReportReporter -->
<testsuite hostname="DESKTOP-O21QIAA" failures="0" tests="1" name="testPackage.FlipkartTest" time="5.969" errors="0" timestamp="2023-10-04T05:13:12 IST" skipped="0">
  <testcase classname="testPackage.FlipkartTest" name="flipkart" time="5.969">
    <system-out>
      <![CDATA[flipkart]]>
    </system-out>
  </testcase> <!-- flipkart -->
  <system-out>
    <![CDATA[openBrowser
URL & Login
flipkart
logout
closeBrowser
openBrowser
URL & Login
logout
URL & Login
Amazon
logout
closeBrowser
openBrowser
URL & Login
TATA 1mg Open
TATA 1mg Page is Open
logout
closeBrowser
openBrowser
URL & Login
Myntra
logout
closeBrowser
openBrowser
URL & Login
Nykaa
logout
closeBrowser
openBrowser
URL & Login
TATA Bigbasket
logout
closeBrowser]]>
  </system-out>
</testsuite> <!-- testPackage.FlipkartTest -->
