<?xml version="1.0" encoding="UTF-8"?>
<!-- Generated by org.testng.reporters.JUnitReportReporter -->
<testsuite hostname="DESKTOP-O21QIAA" failures="0" tests="1" name="testPackage.NykaaTest" time="4.360" errors="0" timestamp="2023-10-04T05:13:12 IST" skipped="0">
  <testcase classname="testPackage.NykaaTest" name="nykaa" time="4.360">
    <system-out>
      <![CDATA[Nykaa]]>
    </system-out>
  </testcase> <!-- nykaa -->
  <system-out>
    <![CDATA[openBrowser
URL & Login
flipkart
logout
closeBrowser
openBrowser
URL & Login
logout
URL & Login
Amazon
logout
closeBrowser
openBrowser
URL & Login
TATA 1mg Open
TATA 1mg Page is Open
logout
closeBrowser
openBrowser
URL & Login
Myntra
logout
closeBrowser
openBrowser
URL & Login
Nykaa
logout
closeBrowser
openBrowser
URL & Login
TATA Bigbasket
logout
closeBrowser]]>
  </system-out>
</testsuite> <!-- testPackage.NykaaTest -->
