<?xml version="1.0" encoding="UTF-8"?>
<!-- Generated by org.testng.reporters.JUnitReportReporter -->
<testsuite hostname="DESKTOP-O21QIAA" failures="0" tests="2" name="testPackage.AmazonTest" time="1.171" errors="0" timestamp="2023-10-04T05:13:12 IST" skipped="0">
  <testcase classname="testPackage.AmazonTest" name="amazon" time="1.155">
    <system-out>
      <![CDATA[Amazon]]>
    </system-out>
  </testcase> <!-- amazon -->
  <testcase classname="testPackage.AmazonTest" name="Demo" time="0.016"/>
  <system-out>
    <![CDATA[openBrowser
URL & Login
flipkart
logout
closeBrowser
openBrowser
URL & Login
logout
URL & Login
Amazon
logout
closeBrowser
openBrowser
URL & Login
TATA 1mg Open
TATA 1mg Page is Open
logout
closeBrowser
openBrowser
URL & Login
Myntra
logout
closeBrowser
openBrowser
URL & Login
Nykaa
logout
closeBrowser
openBrowser
URL & Login
TATA Bigbasket
logout
closeBrowser]]>
  </system-out>
</testsuite> <!-- testPackage.AmazonTest -->
